# JRE version: OpenJDK Runtime Environment (8.0_212-b04) (build 1.8.0_212-release-1586-b04)
# Java VM: OpenJDK 64-Bit Server VM (25.212-b04 mixed mode windows-amd64 compressed oops)
Heap:
 PSYoungGen      total 448512K, used 281855K [0x00000000e0000000, 0x0000000100000000, 0x0000000100000000)
  eden space 418304K, 67% used [0x00000000e0000000,0x00000000f133fcc8,0x00000000f9880000)
  from space 30208K, 0% used [0x00000000fca80000,0x00000000fca80000,0x00000000fe800000)
  to   space 51200K, 0% used [0x00000000f9880000,0x00000000f9880000,0x00000000fca80000)
 ParOldGen       total 350720K, used 125957K [0x00000000a0000000, 0x00000000b5680000, 0x00000000e0000000)
  object space 350720K, 35% used [0x00000000a0000000,0x00000000a7b01400,0x00000000b5680000)
 Metaspace       used 97836K, capacity 101160K, committed 102016K, reserved 1138688K
  class space    used 12530K, capacity 13208K, committed 13440K, reserved 1048576K
GC Heap History (10 events):
Event: 64.219 GC heap before
{Heap before GC invocations=16 (full 3):
 PSYoungGen      total 273920K, used 273286K [0x00000000e0000000, 0x00000000f2600000, 0x0000000100000000)
  eden space 257024K, 100% used [0x00000000e0000000,0x00000000efb00000,0x00000000efb00000)
  from space 16896K, 96% used [0x00000000f1580000,0x00000000f2561868,0x00000000f2600000)
  to   space 22016K, 0% used [0x00000000efb00000,0x00000000efb00000,0x00000000f1080000)
 ParOldGen       total 187392K, used 44176K [0x00000000a0000000, 0x00000000ab700000, 0x00000000e0000000)
  object space 187392K, 23% used [0x00000000a0000000,0x00000000a2b24048,0x00000000ab700000)
 Metaspace       used 74192K, capacity 77264K, committed 77440K, reserved 1116160K
  class space    used 9922K, capacity 10518K, committed 10624K, reserved 1048576K
Event: 64.238 GC heap after
Heap after GC invocations=16 (full 3):
 PSYoungGen      total 279040K, used 20269K [0x00000000e0000000, 0x00000000f8600000, 0x0000000100000000)
  eden space 257024K, 0% used [0x00000000e0000000,0x00000000e0000000,0x00000000efb00000)
  from space 22016K, 92% used [0x00000000efb00000,0x00000000f0ecb5c0,0x00000000f1080000)
  to   space 24064K, 0% used [0x00000000f6e80000,0x00000000f6e80000,0x00000000f8600000)
 ParOldGen       total 187392K, used 53318K [0x00000000a0000000, 0x00000000ab700000, 0x00000000e0000000)
  object space 187392K, 28% used [0x00000000a0000000,0x00000000a3411af8,0x00000000ab700000)
 Metaspace       used 74192K, capacity 77264K, committed 77440K, reserved 1116160K
  class space    used 9922K, capacity 10518K, committed 10624K, reserved 1048576K
}
Event: 70.260 GC heap before
{Heap before GC invocations=17 (full 3):
 PSYoungGen      total 279040K, used 277293K [0x00000000e0000000, 0x00000000f8600000, 0x0000000100000000)
  eden space 257024K, 100% used [0x00000000e0000000,0x00000000efb00000,0x00000000efb00000)
  from space 22016K, 92% used [0x00000000efb00000,0x00000000f0ecb5c0,0x00000000f1080000)
  to   space 24064K, 0% used [0x00000000f6e80000,0x00000000f6e80000,0x00000000f8600000)
 ParOldGen       total 187392K, used 53318K [0x00000000a0000000, 0x00000000ab700000, 0x00000000e0000000)
  object space 187392K, 28% used [0x00000000a0000000,0x00000000a3411af8,0x00000000ab700000)
 Metaspace       used 81475K, capacity 84936K, committed 85120K, reserved 1122304K
  class space    used 10888K, capacity 11546K, committed 11648K, reserved 1048576K
Event: 70.289 GC heap after
Heap after GC invocations=17 (full 3):
 PSYoungGen      total 360448K, used 18723K [0x00000000e0000000, 0x00000000f8100000, 0x0000000100000000)
  eden space 341504K, 0% used [0x00000000e0000000,0x00000000e0000000,0x00000000f4d80000)
  from space 18944K, 98% used [0x00000000f6e80000,0x00000000f80c8f70,0x00000000f8100000)
  to   space 25088K, 0% used [0x00000000f5000000,0x00000000f5000000,0x00000000f6880000)
 ParOldGen       total 187392K, used 67116K [0x00000000a0000000, 0x00000000ab700000, 0x00000000e0000000)
  object space 187392K, 35% used [0x00000000a0000000,0x00000000a418b340,0x00000000ab700000)
 Metaspace       used 81475K, capacity 84936K, committed 85120K, reserved 1122304K
  class space    used 10888K, capacity 11546K, committed 11648K, reserved 1048576K
}
Event: 128.284 GC heap before
{Heap before GC invocations=18 (full 3):
 PSYoungGen      total 360448K, used 360227K [0x00000000e0000000, 0x00000000f8100000, 0x0000000100000000)
  eden space 341504K, 100% used [0x00000000e0000000,0x00000000f4d80000,0x00000000f4d80000)
  from space 18944K, 98% used [0x00000000f6e80000,0x00000000f80c8f70,0x00000000f8100000)
  to   space 25088K, 0% used [0x00000000f5000000,0x00000000f5000000,0x00000000f6880000)
 ParOldGen       total 187392K, used 67116K [0x00000000a0000000, 0x00000000ab700000, 0x00000000e0000000)
  object space 187392K, 35% used [0x00000000a0000000,0x00000000a418b340,0x00000000ab700000)
 Metaspace       used 83440K, capacity 87048K, committed 87424K, reserved 1124352K
  class space    used 11083K, capacity 11780K, committed 11904K, reserved 1048576K
Event: 128.309 GC heap after
Heap after GC invocations=18 (full 3):
 PSYoungGen      total 369152K, used 25074K [0x00000000e0000000, 0x00000000fe800000, 0x0000000100000000)
  eden space 344064K, 0% used [0x00000000e0000000,0x00000000e0000000,0x00000000f5000000)
  from space 25088K, 99% used [0x00000000f5000000,0x00000000f687c990,0x00000000f6880000)
  to   space 30208K, 0% used [0x00000000fca80000,0x00000000fca80000,0x00000000fe800000)
 ParOldGen       total 187392K, used 72567K [0x00000000a0000000, 0x00000000ab700000, 0x00000000e0000000)
  object space 187392K, 38% used [0x00000000a0000000,0x00000000a46dde98,0x00000000ab700000)
 Metaspace       used 83440K, capacity 87048K, committed 87424K, reserved 1124352K
  class space    used 11083K, capacity 11780K, committed 11904K, reserved 1048576K
}
Event: 133.452 GC heap before
{Heap before GC invocations=19 (full 3):
 PSYoungGen      total 369152K, used 219602K [0x00000000e0000000, 0x00000000fe800000, 0x0000000100000000)
  eden space 344064K, 56% used [0x00000000e0000000,0x00000000ebdf8128,0x00000000f5000000)
  from space 25088K, 99% used [0x00000000f5000000,0x00000000f687c990,0x00000000f6880000)
  to   space 30208K, 0% used [0x00000000fca80000,0x00000000fca80000,0x00000000fe800000)
 ParOldGen       total 187392K, used 72567K [0x00000000a0000000, 0x00000000ab700000, 0x00000000e0000000)
  object space 187392K, 38% used [0x00000000a0000000,0x00000000a46dde98,0x00000000ab700000)
 Metaspace       used 94541K, capacity 98412K, committed 98496K, reserved 1134592K
  class space    used 12238K, capacity 12986K, committed 13056K, reserved 1048576K
Event: 133.503 GC heap after
Heap after GC invocations=19 (full 3):
 PSYoungGen      total 448512K, used 30185K [0x00000000e0000000, 0x0000000100000000, 0x0000000100000000)
  eden space 418304K, 0% used [0x00000000e0000000,0x00000000e0000000,0x00000000f9880000)
  from space 30208K, 99% used [0x00000000fca80000,0x00000000fe7fa568,0x00000000fe800000)
  to   space 51200K, 0% used [0x00000000f9880000,0x00000000f9880000,0x00000000fca80000)
 ParOldGen       total 187392K, used 118220K [0x00000000a0000000, 0x00000000ab700000, 0x00000000e0000000)
  object space 187392K, 63% used [0x00000000a0000000,0x00000000a7373398,0x00000000ab700000)
 Metaspace       used 94541K, capacity 98412K, committed 98496K, reserved 1134592K
  class space    used 12238K, capacity 12986K, committed 13056K, reserved 1048576K
}
Event: 133.503 GC heap before
{Heap before GC invocations=20 (full 4):
 PSYoungGen      total 448512K, used 30185K [0x00000000e0000000, 0x0000000100000000, 0x0000000100000000)
  eden space 418304K, 0% used [0x00000000e0000000,0x00000000e0000000,0x00000000f9880000)
  from space 30208K, 99% used [0x00000000fca80000,0x00000000fe7fa568,0x00000000fe800000)
  to   space 51200K, 0% used [0x00000000f9880000,0x00000000f9880000,0x00000000fca80000)
 ParOldGen       total 187392K, used 118220K [0x00000000a0000000, 0x00000000ab700000, 0x00000000e0000000)
  object space 187392K, 63% used [0x00000000a0000000,0x00000000a7373398,0x00000000ab700000)
 Metaspace       used 94541K, capacity 98412K, committed 98496K, reserved 1134592K
  class space    used 12238K, capacity 12986K, committed 13056K, reserved 1048576K
Event: 133.922 GC heap after
Heap after GC invocations=20 (full 4):
 PSYoungGen      total 448512K, used 0K [0x00000000e0000000, 0x0000000100000000, 0x0000000100000000)
  eden space 418304K, 0% used [0x00000000e0000000,0x00000000e0000000,0x00000000f9880000)
  from space 30208K, 0% used [0x00000000fca80000,0x00000000fca80000,0x00000000fe800000)
  to   space 51200K, 0% used [0x00000000f9880000,0x00000000f9880000,0x00000000fca80000)
 ParOldGen       total 350720K, used 125957K [0x00000000a0000000, 0x00000000b5680000, 0x00000000e0000000)
  object space 350720K, 35% used [0x00000000a0000000,0x00000000a7b01400,0x00000000b5680000)
 Metaspace       used 94244K, capacity 97560K, committed 98496K, reserved 1134592K
  class space    used 12145K, capacity 12820K, committed 13056K, reserved 1048576K
}

