# JRE version: OpenJDK Runtime Environment (8.0_212-b04) (build 1.8.0_212-release-1586-b04)
# Java VM: OpenJDK 64-Bit Server VM (25.212-b04 mixed mode windows-amd64 compressed oops)
Heap:
 PSYoungGen      total 463360K, used 449203K [0x00000000e0000000, 0x0000000100000000, 0x0000000100000000)
  eden space 414720K, 97% used [0x00000000e0000000,0x00000000f8c117a8,0x00000000f9500000)
  from space 48640K, 89% used [0x00000000fd000000,0x00000000ffa9b6c0,0x00000000fff80000)
  to   space 54784K, 0% used [0x00000000f9500000,0x00000000f9500000,0x00000000fca80000)
 ParOldGen       total 278016K, used 222983K [0x00000000a0000000, 0x00000000b0f80000, 0x00000000e0000000)
  object space 278016K, 80% used [0x00000000a0000000,0x00000000ad9c1e60,0x00000000b0f80000)
 Metaspace       used 115988K, capacity 124380K, committed 124672K, reserved 1157120K
  class space    used 14730K, capacity 16259K, committed 16384K, reserved 1048576K
GC Heap History (10 events):
Event: 7380.337 GC heap before
{Heap before GC invocations=53 (full 5):
 PSYoungGen      total 462848K, used 424627K [0x00000000e0000000, 0x00000000ffe00000, 0x0000000100000000)
  eden space 410112K, 100% used [0x00000000e0000000,0x00000000f9080000,0x00000000f9080000)
  from space 52736K, 27% used [0x00000000f9080000,0x00000000f9eacfc8,0x00000000fc400000)
  to   space 51712K, 0% used [0x00000000fcb80000,0x00000000fcb80000,0x00000000ffe00000)
 ParOldGen       total 278016K, used 193113K [0x00000000a0000000, 0x00000000b0f80000, 0x00000000e0000000)
  object space 278016K, 69% used [0x00000000a0000000,0x00000000abc96638,0x00000000b0f80000)
 Metaspace       used 115249K, capacity 123084K, committed 123264K, reserved 1157120K
  class space    used 14627K, capacity 16101K, committed 16256K, reserved 1048576K
Event: 7380.364 GC heap after
Heap after GC invocations=53 (full 5):
 PSYoungGen      total 470528K, used 11486K [0x00000000e0000000, 0x00000000ffd00000, 0x0000000100000000)
  eden space 419840K, 0% used [0x00000000e0000000,0x00000000e0000000,0x00000000f9a00000)
  from space 50688K, 22% used [0x00000000fcb80000,0x00000000fd6b7a80,0x00000000ffd00000)
  to   space 50688K, 0% used [0x00000000f9a00000,0x00000000f9a00000,0x00000000fcb80000)
 ParOldGen       total 278016K, used 200231K [0x00000000a0000000, 0x00000000b0f80000, 0x00000000e0000000)
  object space 278016K, 72% used [0x00000000a0000000,0x00000000ac389d20,0x00000000b0f80000)
 Metaspace       used 115249K, capacity 123084K, committed 123264K, reserved 1157120K
  class space    used 14627K, capacity 16101K, committed 16256K, reserved 1048576K
}
Event: 7380.844 GC heap before
{Heap before GC invocations=54 (full 5):
 PSYoungGen      total 470528K, used 431326K [0x00000000e0000000, 0x00000000ffd00000, 0x0000000100000000)
  eden space 419840K, 100% used [0x00000000e0000000,0x00000000f9a00000,0x00000000f9a00000)
  from space 50688K, 22% used [0x00000000fcb80000,0x00000000fd6b7a80,0x00000000ffd00000)
  to   space 50688K, 0% used [0x00000000f9a00000,0x00000000f9a00000,0x00000000fcb80000)
 ParOldGen       total 278016K, used 200231K [0x00000000a0000000, 0x00000000b0f80000, 0x00000000e0000000)
  object space 278016K, 72% used [0x00000000a0000000,0x00000000ac389d20,0x00000000b0f80000)
 Metaspace       used 115254K, capacity 123090K, committed 123264K, reserved 1157120K
  class space    used 14627K, capacity 16102K, committed 16256K, reserved 1048576K
Event: 7380.861 GC heap after
Heap after GC invocations=54 (full 5):
 PSYoungGen      total 470528K, used 8107K [0x00000000e0000000, 0x00000000fff00000, 0x0000000100000000)
  eden space 419840K, 0% used [0x00000000e0000000,0x00000000e0000000,0x00000000f9a00000)
  from space 50688K, 15% used [0x00000000f9a00000,0x00000000fa1eaf18,0x00000000fcb80000)
  to   space 50176K, 0% used [0x00000000fce00000,0x00000000fce00000,0x00000000fff00000)
 ParOldGen       total 278016K, used 206546K [0x00000000a0000000, 0x00000000b0f80000, 0x00000000e0000000)
  object space 278016K, 74% used [0x00000000a0000000,0x00000000ac9b4880,0x00000000b0f80000)
 Metaspace       used 115254K, capacity 123090K, committed 123264K, reserved 1157120K
  class space    used 14627K, capacity 16102K, committed 16256K, reserved 1048576K
}
Event: 7381.351 GC heap before
{Heap before GC invocations=55 (full 5):
 PSYoungGen      total 470528K, used 427947K [0x00000000e0000000, 0x00000000fff00000, 0x0000000100000000)
  eden space 419840K, 100% used [0x00000000e0000000,0x00000000f9a00000,0x00000000f9a00000)
  from space 50688K, 15% used [0x00000000f9a00000,0x00000000fa1eaf18,0x00000000fcb80000)
  to   space 50176K, 0% used [0x00000000fce00000,0x00000000fce00000,0x00000000fff00000)
 ParOldGen       total 278016K, used 206546K [0x00000000a0000000, 0x00000000b0f80000, 0x00000000e0000000)
  object space 278016K, 74% used [0x00000000a0000000,0x00000000ac9b4880,0x00000000b0f80000)
 Metaspace       used 115256K, capacity 123090K, committed 123264K, reserved 1157120K
  class space    used 14627K, capacity 16102K, committed 16256K, reserved 1048576K
Event: 7381.376 GC heap after
Heap after GC invocations=55 (full 5):
 PSYoungGen      total 472064K, used 7408K [0x00000000e0000000, 0x00000000ffd80000, 0x0000000100000000)
  eden space 423424K, 0% used [0x00000000e0000000,0x00000000e0000000,0x00000000f9d80000)
  from space 48640K, 15% used [0x00000000fce00000,0x00000000fd53c030,0x00000000ffd80000)
  to   space 49152K, 0% used [0x00000000f9d80000,0x00000000f9d80000,0x00000000fcd80000)
 ParOldGen       total 278016K, used 214154K [0x00000000a0000000, 0x00000000b0f80000, 0x00000000e0000000)
  object space 278016K, 77% used [0x00000000a0000000,0x00000000ad122be8,0x00000000b0f80000)
 Metaspace       used 115256K, capacity 123090K, committed 123264K, reserved 1157120K
  class space    used 14627K, capacity 16102K, committed 16256K, reserved 1048576K
}
Event: 7382.542 GC heap before
{Heap before GC invocations=56 (full 5):
 PSYoungGen      total 472064K, used 430832K [0x00000000e0000000, 0x00000000ffd80000, 0x0000000100000000)
  eden space 423424K, 100% used [0x00000000e0000000,0x00000000f9d80000,0x00000000f9d80000)
  from space 48640K, 15% used [0x00000000fce00000,0x00000000fd53c030,0x00000000ffd80000)
  to   space 49152K, 0% used [0x00000000f9d80000,0x00000000f9d80000,0x00000000fcd80000)
 ParOldGen       total 278016K, used 214154K [0x00000000a0000000, 0x00000000b0f80000, 0x00000000e0000000)
  object space 278016K, 77% used [0x00000000a0000000,0x00000000ad122be8,0x00000000b0f80000)
 Metaspace       used 115288K, capacity 123166K, committed 123520K, reserved 1157120K
  class space    used 14627K, capacity 16102K, committed 16256K, reserved 1048576K
Event: 7382.561 GC heap after
Heap after GC invocations=56 (full 5):
 PSYoungGen      total 472576K, used 6272K [0x00000000e0000000, 0x00000000fff80000, 0x0000000100000000)
  eden space 423424K, 0% used [0x00000000e0000000,0x00000000e0000000,0x00000000f9d80000)
  from space 49152K, 12% used [0x00000000f9d80000,0x00000000fa3a0000,0x00000000fcd80000)
  to   space 48640K, 0% used [0x00000000fd000000,0x00000000fd000000,0x00000000fff80000)
 ParOldGen       total 278016K, used 218610K [0x00000000a0000000, 0x00000000b0f80000, 0x00000000e0000000)
  object space 278016K, 78% used [0x00000000a0000000,0x00000000ad57ca60,0x00000000b0f80000)
 Metaspace       used 115288K, capacity 123166K, committed 123520K, reserved 1157120K
  class space    used 14627K, capacity 16102K, committed 16256K, reserved 1048576K
}
Event: 7384.674 GC heap before
{Heap before GC invocations=57 (full 5):
 PSYoungGen      total 472576K, used 429696K [0x00000000e0000000, 0x00000000fff80000, 0x0000000100000000)
  eden space 423424K, 100% used [0x00000000e0000000,0x00000000f9d80000,0x00000000f9d80000)
  from space 49152K, 12% used [0x00000000f9d80000,0x00000000fa3a0000,0x00000000fcd80000)
  to   space 48640K, 0% used [0x00000000fd000000,0x00000000fd000000,0x00000000fff80000)
 ParOldGen       total 278016K, used 218610K [0x00000000a0000000, 0x00000000b0f80000, 0x00000000e0000000)
  object space 278016K, 78% used [0x00000000a0000000,0x00000000ad57ca60,0x00000000b0f80000)
 Metaspace       used 115309K, capacity 123174K, committed 123520K, reserved 1157120K
  class space    used 14628K, capacity 16102K, committed 16256K, reserved 1048576K
Event: 7384.725 GC heap after
Heap after GC invocations=57 (full 5):
 PSYoungGen      total 463360K, used 43629K [0x00000000e0000000, 0x0000000100000000, 0x0000000100000000)
  eden space 414720K, 0% used [0x00000000e0000000,0x00000000e0000000,0x00000000f9500000)
  from space 48640K, 89% used [0x00000000fd000000,0x00000000ffa9b6c0,0x00000000fff80000)
  to   space 54784K, 0% used [0x00000000f9500000,0x00000000f9500000,0x00000000fca80000)
 ParOldGen       total 278016K, used 222983K [0x00000000a0000000, 0x00000000b0f80000, 0x00000000e0000000)
  object space 278016K, 80% used [0x00000000a0000000,0x00000000ad9c1e60,0x00000000b0f80000)
 Metaspace       used 115309K, capacity 123174K, committed 123520K, reserved 1157120K
  class space    used 14628K, capacity 16102K, committed 16256K, reserved 1048576K
}

