# JRE version: OpenJDK Runtime Environment (8.0_212-b04) (build 1.8.0_212-release-1586-b04)
# Java VM: OpenJDK 64-Bit Server VM (25.212-b04 mixed mode windows-amd64 compressed oops)
Heap:
 PSYoungGen      total 403968K, used 294270K [0x00000000e0000000, 0x0000000100000000, 0x0000000100000000)
  eden space 284672K, 79% used [0x00000000e0000000,0x00000000ede07ee0,0x00000000f1600000)
  from space 119296K, 56% used [0x00000000f1600000,0x00000000f5757970,0x00000000f8a80000)
  to   space 120320K, 0% used [0x00000000f8a80000,0x00000000f8a80000,0x0000000100000000)
 ParOldGen       total 662016K, used 490527K [0x00000000a0000000, 0x00000000c8680000, 0x00000000e0000000)
  object space 662016K, 74% used [0x00000000a0000000,0x00000000bdf07dc0,0x00000000c8680000)
 Metaspace       used 164211K, capacity 175120K, committed 176256K, reserved 1202176K
  class space    used 19519K, capacity 21591K, committed 22656K, reserved 1048576K
GC Heap History (10 events):
Event: 20472.435 GC heap before
{Heap before GC invocations=211 (full 10):
 PSYoungGen      total 379392K, used 319727K [0x00000000e0000000, 0x00000000fc880000, 0x0000000100000000)
  eden space 301568K, 100% used [0x00000000e0000000,0x00000000f2680000,0x00000000f2680000)
  from space 77824K, 23% used [0x00000000f7c80000,0x00000000f8e3bd58,0x00000000fc880000)
  to   space 82944K, 0% used [0x00000000f2680000,0x00000000f2680000,0x00000000f7780000)
 ParOldGen       total 662016K, used 440930K [0x00000000a0000000, 0x00000000c8680000, 0x00000000e0000000)
  object space 662016K, 66% used [0x00000000a0000000,0x00000000bae98978,0x00000000c8680000)
 Metaspace       used 163942K, capacity 174814K, committed 176000K, reserved 1202176K
  class space    used 19490K, capacity 21562K, committed 22656K, reserved 1048576K
Event: 20472.449 GC heap after
Heap after GC invocations=211 (full 10):
 PSYoungGen      total 384512K, used 24344K [0x00000000e0000000, 0x00000000fc500000, 0x0000000100000000)
  eden space 301568K, 0% used [0x00000000e0000000,0x00000000e0000000,0x00000000f2680000)
  from space 82944K, 29% used [0x00000000f2680000,0x00000000f3e461a0,0x00000000f7780000)
  to   space 78336K, 0% used [0x00000000f7880000,0x00000000f7880000,0x00000000fc500000)
 ParOldGen       total 662016K, used 440978K [0x00000000a0000000, 0x00000000c8680000, 0x00000000e0000000)
  object space 662016K, 66% used [0x00000000a0000000,0x00000000baea4978,0x00000000c8680000)
 Metaspace       used 163942K, capacity 174814K, committed 176000K, reserved 1202176K
  class space    used 19490K, capacity 21562K, committed 22656K, reserved 1048576K
}
Event: 20692.324 GC heap before
{Heap before GC invocations=212 (full 10):
 PSYoungGen      total 384512K, used 325912K [0x00000000e0000000, 0x00000000fc500000, 0x0000000100000000)
  eden space 301568K, 100% used [0x00000000e0000000,0x00000000f2680000,0x00000000f2680000)
  from space 82944K, 29% used [0x00000000f2680000,0x00000000f3e461a0,0x00000000f7780000)
  to   space 78336K, 0% used [0x00000000f7880000,0x00000000f7880000,0x00000000fc500000)
 ParOldGen       total 662016K, used 440978K [0x00000000a0000000, 0x00000000c8680000, 0x00000000e0000000)
  object space 662016K, 66% used [0x00000000a0000000,0x00000000baea4978,0x00000000c8680000)
 Metaspace       used 163987K, capacity 174890K, committed 176000K, reserved 1202176K
  class space    used 19492K, capacity 21564K, committed 22656K, reserved 1048576K
Event: 20692.364 GC heap after
Heap after GC invocations=212 (full 10):
 PSYoungGen      total 382976K, used 48566K [0x00000000e0000000, 0x00000000fc880000, 0x0000000100000000)
  eden space 304640K, 0% used [0x00000000e0000000,0x00000000e0000000,0x00000000f2980000)
  from space 78336K, 61% used [0x00000000f7880000,0x00000000fa7ed8c0,0x00000000fc500000)
  to   space 80896K, 0% used [0x00000000f2980000,0x00000000f2980000,0x00000000f7880000)
 ParOldGen       total 662016K, used 441018K [0x00000000a0000000, 0x00000000c8680000, 0x00000000e0000000)
  object space 662016K, 66% used [0x00000000a0000000,0x00000000baeae978,0x00000000c8680000)
 Metaspace       used 163987K, capacity 174890K, committed 176000K, reserved 1202176K
  class space    used 19492K, capacity 21564K, committed 22656K, reserved 1048576K
}
Event: 20693.852 GC heap before
{Heap before GC invocations=213 (full 10):
 PSYoungGen      total 382976K, used 353132K [0x00000000e0000000, 0x00000000fc880000, 0x0000000100000000)
  eden space 304640K, 99% used [0x00000000e0000000,0x00000000f296db20,0x00000000f2980000)
  from space 78336K, 61% used [0x00000000f7880000,0x00000000fa7ed8c0,0x00000000fc500000)
  to   space 80896K, 0% used [0x00000000f2980000,0x00000000f2980000,0x00000000f7880000)
 ParOldGen       total 662016K, used 441018K [0x00000000a0000000, 0x00000000c8680000, 0x00000000e0000000)
  object space 662016K, 66% used [0x00000000a0000000,0x00000000baeae978,0x00000000c8680000)
 Metaspace       used 164034K, capacity 174908K, committed 176000K, reserved 1202176K
  class space    used 19494K, capacity 21567K, committed 22656K, reserved 1048576K
Event: 20693.876 GC heap after
Heap after GC invocations=213 (full 10):
 PSYoungGen      total 385536K, used 65497K [0x00000000e0000000, 0x00000000fe100000, 0x0000000100000000)
  eden space 304640K, 0% used [0x00000000e0000000,0x00000000e0000000,0x00000000f2980000)
  from space 80896K, 80% used [0x00000000f2980000,0x00000000f69766f0,0x00000000f7880000)
  to   space 88576K, 0% used [0x00000000f8a80000,0x00000000f8a80000,0x00000000fe100000)
 ParOldGen       total 662016K, used 446256K [0x00000000a0000000, 0x00000000c8680000, 0x00000000e0000000)
  object space 662016K, 67% used [0x00000000a0000000,0x00000000bb3cc298,0x00000000c8680000)
 Metaspace       used 164034K, capacity 174908K, committed 176000K, reserved 1202176K
  class space    used 19494K, capacity 21567K, committed 22656K, reserved 1048576K
}
Event: 20694.596 GC heap before
{Heap before GC invocations=214 (full 10):
 PSYoungGen      total 385536K, used 370137K [0x00000000e0000000, 0x00000000fe100000, 0x0000000100000000)
  eden space 304640K, 100% used [0x00000000e0000000,0x00000000f2980000,0x00000000f2980000)
  from space 80896K, 80% used [0x00000000f2980000,0x00000000f69766f0,0x00000000f7880000)
  to   space 88576K, 0% used [0x00000000f8a80000,0x00000000f8a80000,0x00000000fe100000)
 ParOldGen       total 662016K, used 446256K [0x00000000a0000000, 0x00000000c8680000, 0x00000000e0000000)
  object space 662016K, 67% used [0x00000000a0000000,0x00000000bb3cc298,0x00000000c8680000)
 Metaspace       used 164037K, capacity 174908K, committed 176000K, reserved 1202176K
  class space    used 19494K, capacity 21567K, committed 22656K, reserved 1048576K
Event: 20694.718 GC heap after
Heap after GC invocations=214 (full 10):
 PSYoungGen      total 373248K, used 88561K [0x00000000e0000000, 0x0000000100000000, 0x0000000100000000)
  eden space 284672K, 0% used [0x00000000e0000000,0x00000000e0000000,0x00000000f1600000)
  from space 88576K, 99% used [0x00000000f8a80000,0x00000000fe0fc578,0x00000000fe100000)
  to   space 119296K, 0% used [0x00000000f1600000,0x00000000f1600000,0x00000000f8a80000)
 ParOldGen       total 662016K, used 490155K [0x00000000a0000000, 0x00000000c8680000, 0x00000000e0000000)
  object space 662016K, 74% used [0x00000000a0000000,0x00000000bdeaadb0,0x00000000c8680000)
 Metaspace       used 164037K, capacity 174908K, committed 176000K, reserved 1202176K
  class space    used 19494K, capacity 21567K, committed 22656K, reserved 1048576K
}
Event: 20702.656 GC heap before
{Heap before GC invocations=215 (full 10):
 PSYoungGen      total 373248K, used 373233K [0x00000000e0000000, 0x0000000100000000, 0x0000000100000000)
  eden space 284672K, 100% used [0x00000000e0000000,0x00000000f1600000,0x00000000f1600000)
  from space 88576K, 99% used [0x00000000f8a80000,0x00000000fe0fc578,0x00000000fe100000)
  to   space 119296K, 0% used [0x00000000f1600000,0x00000000f1600000,0x00000000f8a80000)
 ParOldGen       total 662016K, used 490155K [0x00000000a0000000, 0x00000000c8680000, 0x00000000e0000000)
  object space 662016K, 74% used [0x00000000a0000000,0x00000000bdeaadb0,0x00000000c8680000)
 Metaspace       used 164210K, capacity 175120K, committed 176256K, reserved 1202176K
  class space    used 19519K, capacity 21591K, committed 22656K, reserved 1048576K
Event: 20702.696 GC heap after
Heap after GC invocations=215 (full 10):
 PSYoungGen      total 403968K, used 66910K [0x00000000e0000000, 0x0000000100000000, 0x0000000100000000)
  eden space 284672K, 0% used [0x00000000e0000000,0x00000000e0000000,0x00000000f1600000)
  from space 119296K, 56% used [0x00000000f1600000,0x00000000f5757970,0x00000000f8a80000)
  to   space 120320K, 0% used [0x00000000f8a80000,0x00000000f8a80000,0x0000000100000000)
 ParOldGen       total 662016K, used 490527K [0x00000000a0000000, 0x00000000c8680000, 0x00000000e0000000)
  object space 662016K, 74% used [0x00000000a0000000,0x00000000bdf07dc0,0x00000000c8680000)
 Metaspace       used 164210K, capacity 175120K, committed 176256K, reserved 1202176K
  class space    used 19519K, capacity 21591K, committed 22656K, reserved 1048576K
}

